Using /Users/ssbarnea/.ansible.cfg as config file

PLAYBOOK: sample-a.yml *********************************************************
1 plays in ./sample-a.yml

PLAY [test output] *************************************************************
META: ran handlers

TASK [2 lines on stdout and 2 on stderr with rc=0] *****************************
task path: /Users/ssbarnea/redhat/work/ansible-output/sample-a.yml:10
changed: [localhost] => {
    "changed": true, 
    "cmd": "seq 200 201; >&2 seq 400 401", 
    "delta": "0:00:00.038886", 
    "end": "2017-06-05 17:15:41.409889", 
    "rc": 0, 
    "start": "2017-06-05 17:15:41.371003"
}

STDOUT:

200
201


STDERR:

400
401

TASK [2 lines on stdout and 2 on stderr with rc=1] *****************************
task path: /Users/ssbarnea/redhat/work/ansible-output/sample-a.yml:13
fatal: [localhost]: FAILED! => {
    "changed": true, 
    "cmd": "seq 200 201; >&2 seq 400 401; exit 1", 
    "delta": "0:00:00.023249", 
    "end": "2017-06-05 17:15:48.283443", 
    "failed": true, 
    "rc": 1, 
    "start": "2017-06-05 17:15:48.260194"
}

STDOUT:

200
201


STDERR:

400
401

PLAY RECAP *********************************************************************
localhost                  : ok=1    changed=1    unreachable=0    failed=1   

