Using /Users/ssbarnea/.ansible.cfg as config file
1 plays in ./sample-a.yml
META: ran handlers
{
    "plays": [
        {
            "play": {
                "id": "f45c89b2-6627-95a1-d998-000000000002", 
                "name": "test output"
            }, 
            "tasks": [
                {
                    "hosts": {
                        "localhost": {
                            "_ansible_no_log": false, 
                            "_ansible_parsed": true, 
                            "changed": true, 
                            "cmd": "seq 200 201; >&2 seq 400 401", 
                            "delta": "0:00:00.023294", 
                            "end": "2017-06-05 17:15:41.132909", 
                            "invocation": {
                                "module_args": {
                                    "_raw_params": "seq 200 201; >&2 seq 400 401", 
                                    "_uses_shell": true, 
                                    "chdir": null, 
                                    "creates": null, 
                                    "executable": null, 
                                    "removes": null, 
                                    "warn": true
                                }
                            }, 
                            "rc": 0, 
                            "start": "2017-06-05 17:15:41.109615", 
                            "stderr": "400\n401", 
                            "stderr_lines": [
                                "400", 
                                "401"
                            ], 
                            "stdout": "200\n201", 
                            "stdout_lines": [
                                "200", 
                                "201"
                            ]
                        }
                    }, 
                    "task": {
                        "id": "f45c89b2-6627-95a1-d998-000000000004", 
                        "name": "2 lines on stdout and 2 on stderr with rc=0"
                    }
                }, 
                {
                    "hosts": {
                        "localhost": {
                            "_ansible_no_log": false, 
                            "_ansible_parsed": true, 
                            "changed": true, 
                            "cmd": "seq 200 201; >&2 seq 400 401; exit 1", 
                            "delta": "0:00:00.022151", 
                            "end": "2017-06-05 17:15:49.690212", 
                            "failed": true, 
                            "invocation": {
                                "module_args": {
                                    "_raw_params": "seq 200 201; >&2 seq 400 401; exit 1", 
                                    "_uses_shell": true, 
                                    "chdir": null, 
                                    "creates": null, 
                                    "executable": null, 
                                    "removes": null, 
                                    "warn": true
                                }
                            }, 
                            "rc": 1, 
                            "start": "2017-06-05 17:15:49.668061", 
                            "stderr": "400\n401", 
                            "stderr_lines": [
                                "400", 
                                "401"
                            ], 
                            "stdout": "200\n201", 
                            "stdout_lines": [
                                "200", 
                                "201"
                            ]
                        }
                    }, 
                    "task": {
                        "id": "f45c89b2-6627-95a1-d998-000000000006", 
                        "name": "2 lines on stdout and 2 on stderr with rc=1"
                    }
                }
            ]
        }
    ], 
    "stats": {
        "localhost": {
            "changed": 1, 
            "failures": 1, 
            "ok": 1, 
            "skipped": 0, 
            "unreachable": 0
        }
    }
}
