Using /Users/ssbarnea/.ansible.cfg as config file

PLAYBOOK: sample-a.yml *********************************************************
1 plays in ./sample-a.yml

PLAY [test output] *************************************************************
META: ran handlers

TASK [2 lines on stdout and 2 on stderr with rc=0] *****************************
task path: /Users/ssbarnea/redhat/work/ansible-output/sample-a.yml:10
Using module file /Users/ssbarnea/.venv/rh/lib/python2.7/site-packages/ansible/modules/commands/command.py
<localhost> ESTABLISH LOCAL CONNECTION FOR USER: ssbarnea
<localhost> EXEC /bin/sh -c 'echo ~ && sleep 0'
<localhost> EXEC /bin/sh -c '( umask 77 && mkdir -p "` echo /Users/ssbarnea/.ansible/tmp/ansible-tmp-1496679338.47-268611182760411 `" && echo ansible-tmp-1496679338.47-268611182760411="` echo /Users/ssbarnea/.ansible/tmp/ansible-tmp-1496679338.47-268611182760411 `" ) && sleep 0'
<localhost> PUT /var/folders/dn/bdsfszyj63569bgkwf1jsrw80000gn/T/tmpbvIsD4 TO /Users/ssbarnea/.ansible/tmp/ansible-tmp-1496679338.47-268611182760411/command.py
<localhost> EXEC /bin/sh -c 'chmod u+x /Users/ssbarnea/.ansible/tmp/ansible-tmp-1496679338.47-268611182760411/ /Users/ssbarnea/.ansible/tmp/ansible-tmp-1496679338.47-268611182760411/command.py && sleep 0'
<localhost> EXEC /bin/sh -c '/usr/bin/python /Users/ssbarnea/.ansible/tmp/ansible-tmp-1496679338.47-268611182760411/command.py; rm -rf "/Users/ssbarnea/.ansible/tmp/ansible-tmp-1496679338.47-268611182760411/" > /dev/null 2>&1 && sleep 0'
changed: [localhost] => {
    "changed": true, 
    "cmd": "seq 200 201; >&2 seq 400 401", 
    "delta": "0:00:00.023587", 
    "end": "2017-06-05 17:15:42.305452", 
    "invocation": {
        "module_args": {
            "_raw_params": "seq 200 201; >&2 seq 400 401", 
            "_uses_shell": true, 
            "chdir": null, 
            "creates": null, 
            "executable": null, 
            "removes": null, 
            "warn": true
        }
    }, 
    "rc": 0, 
    "start": "2017-06-05 17:15:42.281865", 
    "stderr": "400\n401", 
    "stderr_lines": [
        "400", 
        "401"
    ], 
    "stdout": "200\n201", 
    "stdout_lines": [
        "200", 
        "201"
    ]
}

TASK [2 lines on stdout and 2 on stderr with rc=1] *****************************
task path: /Users/ssbarnea/redhat/work/ansible-output/sample-a.yml:13
Using module file /Users/ssbarnea/.venv/rh/lib/python2.7/site-packages/ansible/modules/commands/command.py
<localhost> ESTABLISH LOCAL CONNECTION FOR USER: ssbarnea
<localhost> EXEC /bin/sh -c 'echo ~ && sleep 0'
<localhost> EXEC /bin/sh -c '( umask 77 && mkdir -p "` echo /Users/ssbarnea/.ansible/tmp/ansible-tmp-1496679344.89-198887099249394 `" && echo ansible-tmp-1496679344.89-198887099249394="` echo /Users/ssbarnea/.ansible/tmp/ansible-tmp-1496679344.89-198887099249394 `" ) && sleep 0'
<localhost> PUT /var/folders/dn/bdsfszyj63569bgkwf1jsrw80000gn/T/tmpWJtwb6 TO /Users/ssbarnea/.ansible/tmp/ansible-tmp-1496679344.89-198887099249394/command.py
<localhost> EXEC /bin/sh -c 'chmod u+x /Users/ssbarnea/.ansible/tmp/ansible-tmp-1496679344.89-198887099249394/ /Users/ssbarnea/.ansible/tmp/ansible-tmp-1496679344.89-198887099249394/command.py && sleep 0'
<localhost> EXEC /bin/sh -c '/usr/bin/python /Users/ssbarnea/.ansible/tmp/ansible-tmp-1496679344.89-198887099249394/command.py; rm -rf "/Users/ssbarnea/.ansible/tmp/ansible-tmp-1496679344.89-198887099249394/" > /dev/null 2>&1 && sleep 0'
fatal: [localhost]: FAILED! => {
    "changed": true, 
    "cmd": "seq 200 201; >&2 seq 400 401; exit 1", 
    "delta": "0:00:00.157555", 
    "end": "2017-06-05 17:15:49.726768", 
    "failed": true, 
    "invocation": {
        "module_args": {
            "_raw_params": "seq 200 201; >&2 seq 400 401; exit 1", 
            "_uses_shell": true, 
            "chdir": null, 
            "creates": null, 
            "executable": null, 
            "removes": null, 
            "warn": true
        }
    }, 
    "rc": 1, 
    "start": "2017-06-05 17:15:49.569213", 
    "stderr": "400\n401", 
    "stderr_lines": [
        "400", 
        "401"
    ], 
    "stdout": "200\n201", 
    "stdout_lines": [
        "200", 
        "201"
    ]
}

PLAY RECAP *********************************************************************
localhost                  : ok=1    changed=1    unreachable=0    failed=1   

