Using /Users/ssbarnea/.ansible.cfg as config file
1 plays in ./sample-a.yml
META: ran handlers
Monday 05 June 2017  17:15:31 +0100 (0:00:01.826)       0:00:01.826 *********** 
Using module file /Users/ssbarnea/.venv/rh/lib/python2.7/site-packages/ansible/modules/commands/command.py
<localhost> ESTABLISH LOCAL CONNECTION FOR USER: ssbarnea
<localhost> EXEC /bin/sh -c 'echo ~ && sleep 0'
<localhost> EXEC /bin/sh -c '( umask 77 && mkdir -p "` echo /Users/ssbarnea/.ansible/tmp/ansible-tmp-1496679338.73-67352342187879 `" && echo ansible-tmp-1496679338.73-67352342187879="` echo /Users/ssbarnea/.ansible/tmp/ansible-tmp-1496679338.73-67352342187879 `" ) && sleep 0'
<localhost> PUT /var/folders/dn/bdsfszyj63569bgkwf1jsrw80000gn/T/tmpHnl8PU TO /Users/ssbarnea/.ansible/tmp/ansible-tmp-1496679338.73-67352342187879/command.py
<localhost> EXEC /bin/sh -c 'chmod u+x /Users/ssbarnea/.ansible/tmp/ansible-tmp-1496679338.73-67352342187879/ /Users/ssbarnea/.ansible/tmp/ansible-tmp-1496679338.73-67352342187879/command.py && sleep 0'
<localhost> EXEC /bin/sh -c '/usr/bin/python /Users/ssbarnea/.ansible/tmp/ansible-tmp-1496679338.73-67352342187879/command.py; rm -rf "/Users/ssbarnea/.ansible/tmp/ansible-tmp-1496679338.73-67352342187879/" > /dev/null 2>&1 && sleep 0'
Monday 05 June 2017  17:15:45 +0100 (0:00:14.363)       0:00:16.189 *********** 
Using module file /Users/ssbarnea/.venv/rh/lib/python2.7/site-packages/ansible/modules/commands/command.py
<localhost> ESTABLISH LOCAL CONNECTION FOR USER: ssbarnea
<localhost> EXEC /bin/sh -c 'echo ~ && sleep 0'
<localhost> EXEC /bin/sh -c '( umask 77 && mkdir -p "` echo /Users/ssbarnea/.ansible/tmp/ansible-tmp-1496679346.98-141340667883977 `" && echo ansible-tmp-1496679346.98-141340667883977="` echo /Users/ssbarnea/.ansible/tmp/ansible-tmp-1496679346.98-141340667883977 `" ) && sleep 0'
<localhost> PUT /var/folders/dn/bdsfszyj63569bgkwf1jsrw80000gn/T/tmpvPpMbK TO /Users/ssbarnea/.ansible/tmp/ansible-tmp-1496679346.98-141340667883977/command.py
<localhost> EXEC /bin/sh -c 'chmod u+x /Users/ssbarnea/.ansible/tmp/ansible-tmp-1496679346.98-141340667883977/ /Users/ssbarnea/.ansible/tmp/ansible-tmp-1496679346.98-141340667883977/command.py && sleep 0'
<localhost> EXEC /bin/sh -c '/usr/bin/python /Users/ssbarnea/.ansible/tmp/ansible-tmp-1496679346.98-141340667883977/command.py; rm -rf "/Users/ssbarnea/.ansible/tmp/ansible-tmp-1496679346.98-141340667883977/" > /dev/null 2>&1 && sleep 0'
Monday 05 June 2017  17:15:51 +0100 (0:00:05.608)       0:00:21.798 *********** 
=============================================================================== 
2 lines on stdout and 2 on stderr with rc=0 ---------------------------- 14.36s
/Users/ssbarnea/redhat/work/ansible-output/sample-a.yml:10 --------------------
2 lines on stdout and 2 on stderr with rc=1 ----------------------------- 5.61s
/Users/ssbarnea/redhat/work/ansible-output/sample-a.yml:13 --------------------
