Using /Users/ssbarnea/.ansible.cfg as config file
1 plays in ./sample-a.yml
META: ran handlers
Using module file /Users/ssbarnea/.venv/rh/lib/python2.7/site-packages/ansible/modules/commands/command.py
<localhost> ESTABLISH LOCAL CONNECTION FOR USER: ssbarnea
<localhost> EXEC /bin/sh -c 'echo ~ && sleep 0'
<localhost> EXEC /bin/sh -c '( umask 77 && mkdir -p "` echo /Users/ssbarnea/.ansible/tmp/ansible-tmp-1496679338.5-147716040512218 `" && echo ansible-tmp-1496679338.5-147716040512218="` echo /Users/ssbarnea/.ansible/tmp/ansible-tmp-1496679338.5-147716040512218 `" ) && sleep 0'
<localhost> PUT /var/folders/dn/bdsfszyj63569bgkwf1jsrw80000gn/T/tmpQqgww6 TO /Users/ssbarnea/.ansible/tmp/ansible-tmp-1496679338.5-147716040512218/command.py
<localhost> EXEC /bin/sh -c 'chmod u+x /Users/ssbarnea/.ansible/tmp/ansible-tmp-1496679338.5-147716040512218/ /Users/ssbarnea/.ansible/tmp/ansible-tmp-1496679338.5-147716040512218/command.py && sleep 0'
<localhost> EXEC /bin/sh -c '/usr/bin/python /Users/ssbarnea/.ansible/tmp/ansible-tmp-1496679338.5-147716040512218/command.py; rm -rf "/Users/ssbarnea/.ansible/tmp/ansible-tmp-1496679338.5-147716040512218/" > /dev/null 2>&1 && sleep 0'
[1m# 2 lines on stdout and 2 on stderr with rc=0 *****************************************************************************[0m
  * [1m[34mlocalhost[0m                  - [93mchanged=True[0m -- [93m[0m -------------------------------------------------
Using module file /Users/ssbarnea/.venv/rh/lib/python2.7/site-packages/ansible/modules/commands/command.py
<localhost> ESTABLISH LOCAL CONNECTION FOR USER: ssbarnea
<localhost> EXEC /bin/sh -c 'echo ~ && sleep 0'
<localhost> EXEC /bin/sh -c '( umask 77 && mkdir -p "` echo /Users/ssbarnea/.ansible/tmp/ansible-tmp-1496679345.79-263920947370359 `" && echo ansible-tmp-1496679345.79-263920947370359="` echo /Users/ssbarnea/.ansible/tmp/ansible-tmp-1496679345.79-263920947370359 `" ) && sleep 0'
<localhost> PUT /var/folders/dn/bdsfszyj63569bgkwf1jsrw80000gn/T/tmpmha4lQ TO /Users/ssbarnea/.ansible/tmp/ansible-tmp-1496679345.79-263920947370359/command.py
<localhost> EXEC /bin/sh -c 'chmod u+x /Users/ssbarnea/.ansible/tmp/ansible-tmp-1496679345.79-263920947370359/ /Users/ssbarnea/.ansible/tmp/ansible-tmp-1496679345.79-263920947370359/command.py && sleep 0'
<localhost> EXEC /bin/sh -c '/usr/bin/python /Users/ssbarnea/.ansible/tmp/ansible-tmp-1496679345.79-263920947370359/command.py; rm -rf "/Users/ssbarnea/.ansible/tmp/ansible-tmp-1496679345.79-263920947370359/" > /dev/null 2>&1 && sleep 0'
[1m# 2 lines on stdout and 2 on stderr with rc=1 *****************************************************************************[0m
  * [1m[34mlocalhost[0m                  - [91mFAILED!!![0m -- [91m[0m ----------------------------------------------------

[1m# STATS *******************************************************************************************************************[0m
[91mlocalhost    : ok=1	changed=1	failed=1	unreachable=0[0m
