Using /Users/ssbarnea/.ansible.cfg as config file
Set default localhost to localhost
Loading callback plugin default of type stdout, v2.0 from /Users/ssbarnea/.venv/rh/lib/python2.7/site-packages/ansible/plugins/callback/__init__.pyc

PLAYBOOK: sample-a.yml *********************************************************
1 plays in ./sample-a.yml

PLAY [test output] *************************************************************
META: ran handlers

TASK [2 lines on stdout and 2 on stderr with rc=0] *****************************
task path: /Users/ssbarnea/redhat/work/ansible-output/sample-a.yml:10
Using module file /Users/ssbarnea/.venv/rh/lib/python2.7/site-packages/ansible/modules/commands/command.py
<localhost> ESTABLISH LOCAL CONNECTION FOR USER: ssbarnea
<localhost> EXEC /bin/sh -c 'echo ~ && sleep 0'
<localhost> EXEC /bin/sh -c '( umask 77 && mkdir -p "` echo /Users/ssbarnea/.ansible/tmp/ansible-tmp-1496679335.74-42068773334875 `" && echo ansible-tmp-1496679335.74-42068773334875="` echo /Users/ssbarnea/.ansible/tmp/ansible-tmp-1496679335.74-42068773334875 `" ) && sleep 0'
<localhost> PUT /var/folders/dn/bdsfszyj63569bgkwf1jsrw80000gn/T/tmpAF468U TO /Users/ssbarnea/.ansible/tmp/ansible-tmp-1496679335.74-42068773334875/command.py
<localhost> EXEC /bin/sh -c 'chmod u+x /Users/ssbarnea/.ansible/tmp/ansible-tmp-1496679335.74-42068773334875/ /Users/ssbarnea/.ansible/tmp/ansible-tmp-1496679335.74-42068773334875/command.py && sleep 0'
<localhost> EXEC /bin/sh -c '/usr/bin/python /Users/ssbarnea/.ansible/tmp/ansible-tmp-1496679335.74-42068773334875/command.py; rm -rf "/Users/ssbarnea/.ansible/tmp/ansible-tmp-1496679335.74-42068773334875/" > /dev/null 2>&1 && sleep 0'
changed: [localhost] => {
    "changed": true, 
    "cmd": "seq 200 201; >&2 seq 400 401", 
    "delta": "0:00:00.036039", 
    "end": "2017-06-05 17:15:42.185267", 
    "invocation": {
        "module_args": {
            "_raw_params": "seq 200 201; >&2 seq 400 401", 
            "_uses_shell": true, 
            "chdir": null, 
            "creates": null, 
            "executable": null, 
            "removes": null, 
            "warn": true
        }
    }, 
    "rc": 0, 
    "start": "2017-06-05 17:15:42.149228", 
    "stderr": "400\n401", 
    "stderr_lines": [
        "400", 
        "401"
    ], 
    "stdout": "200\n201", 
    "stdout_lines": [
        "200", 
        "201"
    ]
}

TASK [2 lines on stdout and 2 on stderr with rc=1] *****************************
task path: /Users/ssbarnea/redhat/work/ansible-output/sample-a.yml:13
Using module file /Users/ssbarnea/.venv/rh/lib/python2.7/site-packages/ansible/modules/commands/command.py
<localhost> ESTABLISH LOCAL CONNECTION FOR USER: ssbarnea
<localhost> EXEC /bin/sh -c 'echo ~ && sleep 0'
<localhost> EXEC /bin/sh -c '( umask 77 && mkdir -p "` echo /Users/ssbarnea/.ansible/tmp/ansible-tmp-1496679344.22-151722361847384 `" && echo ansible-tmp-1496679344.22-151722361847384="` echo /Users/ssbarnea/.ansible/tmp/ansible-tmp-1496679344.22-151722361847384 `" ) && sleep 0'
<localhost> PUT /var/folders/dn/bdsfszyj63569bgkwf1jsrw80000gn/T/tmp7xdyPg TO /Users/ssbarnea/.ansible/tmp/ansible-tmp-1496679344.22-151722361847384/command.py
<localhost> EXEC /bin/sh -c 'chmod u+x /Users/ssbarnea/.ansible/tmp/ansible-tmp-1496679344.22-151722361847384/ /Users/ssbarnea/.ansible/tmp/ansible-tmp-1496679344.22-151722361847384/command.py && sleep 0'
<localhost> EXEC /bin/sh -c '/usr/bin/python /Users/ssbarnea/.ansible/tmp/ansible-tmp-1496679344.22-151722361847384/command.py; rm -rf "/Users/ssbarnea/.ansible/tmp/ansible-tmp-1496679344.22-151722361847384/" > /dev/null 2>&1 && sleep 0'
fatal: [localhost]: FAILED! => {
    "changed": true, 
    "cmd": "seq 200 201; >&2 seq 400 401; exit 1", 
    "delta": "0:00:00.037107", 
    "end": "2017-06-05 17:15:49.706979", 
    "failed": true, 
    "invocation": {
        "module_args": {
            "_raw_params": "seq 200 201; >&2 seq 400 401; exit 1", 
            "_uses_shell": true, 
            "chdir": null, 
            "creates": null, 
            "executable": null, 
            "removes": null, 
            "warn": true
        }
    }, 
    "rc": 1, 
    "start": "2017-06-05 17:15:49.669872", 
    "stderr": "400\n401", 
    "stderr_lines": [
        "400", 
        "401"
    ], 
    "stdout": "200\n201", 
    "stdout_lines": [
        "200", 
        "201"
    ]
}

PLAY RECAP *********************************************************************
localhost                  : ok=1    changed=1    unreachable=0    failed=1   

