Using /Users/ssbarnea/.ansible.cfg as config file
Set default localhost to localhost
Loading callback plugin json of type stdout, v2.0 from /Users/ssbarnea/.venv/rh/lib/python2.7/site-packages/ansible/plugins/callback/__init__.pyc
1 plays in ./sample-a.yml
META: ran handlers
Using module file /Users/ssbarnea/.venv/rh/lib/python2.7/site-packages/ansible/modules/commands/command.py
<localhost> ESTABLISH LOCAL CONNECTION FOR USER: ssbarnea
<localhost> EXEC /bin/sh -c 'echo ~ && sleep 0'
<localhost> EXEC /bin/sh -c '( umask 77 && mkdir -p "` echo /Users/ssbarnea/.ansible/tmp/ansible-tmp-1496679335.54-69912599572518 `" && echo ansible-tmp-1496679335.54-69912599572518="` echo /Users/ssbarnea/.ansible/tmp/ansible-tmp-1496679335.54-69912599572518 `" ) && sleep 0'
<localhost> PUT /var/folders/dn/bdsfszyj63569bgkwf1jsrw80000gn/T/tmpWQckKm TO /Users/ssbarnea/.ansible/tmp/ansible-tmp-1496679335.54-69912599572518/command.py
<localhost> EXEC /bin/sh -c 'chmod u+x /Users/ssbarnea/.ansible/tmp/ansible-tmp-1496679335.54-69912599572518/ /Users/ssbarnea/.ansible/tmp/ansible-tmp-1496679335.54-69912599572518/command.py && sleep 0'
<localhost> EXEC /bin/sh -c '/usr/bin/python /Users/ssbarnea/.ansible/tmp/ansible-tmp-1496679335.54-69912599572518/command.py; rm -rf "/Users/ssbarnea/.ansible/tmp/ansible-tmp-1496679335.54-69912599572518/" > /dev/null 2>&1 && sleep 0'
Using module file /Users/ssbarnea/.venv/rh/lib/python2.7/site-packages/ansible/modules/commands/command.py
<localhost> ESTABLISH LOCAL CONNECTION FOR USER: ssbarnea
<localhost> EXEC /bin/sh -c 'echo ~ && sleep 0'
<localhost> EXEC /bin/sh -c '( umask 77 && mkdir -p "` echo /Users/ssbarnea/.ansible/tmp/ansible-tmp-1496679341.94-58429110051550 `" && echo ansible-tmp-1496679341.94-58429110051550="` echo /Users/ssbarnea/.ansible/tmp/ansible-tmp-1496679341.94-58429110051550 `" ) && sleep 0'
<localhost> PUT /var/folders/dn/bdsfszyj63569bgkwf1jsrw80000gn/T/tmpMzquDT TO /Users/ssbarnea/.ansible/tmp/ansible-tmp-1496679341.94-58429110051550/command.py
<localhost> EXEC /bin/sh -c 'chmod u+x /Users/ssbarnea/.ansible/tmp/ansible-tmp-1496679341.94-58429110051550/ /Users/ssbarnea/.ansible/tmp/ansible-tmp-1496679341.94-58429110051550/command.py && sleep 0'
<localhost> EXEC /bin/sh -c '/usr/bin/python /Users/ssbarnea/.ansible/tmp/ansible-tmp-1496679341.94-58429110051550/command.py; rm -rf "/Users/ssbarnea/.ansible/tmp/ansible-tmp-1496679341.94-58429110051550/" > /dev/null 2>&1 && sleep 0'
{
    "plays": [
        {
            "play": {
                "id": "f45c89b2-6627-0550-23bd-000000000002", 
                "name": "test output"
            }, 
            "tasks": [
                {
                    "hosts": {
                        "localhost": {
                            "_ansible_no_log": false, 
                            "_ansible_parsed": true, 
                            "changed": true, 
                            "cmd": "seq 200 201; >&2 seq 400 401", 
                            "delta": "0:00:00.032318", 
                            "end": "2017-06-05 17:15:40.647108", 
                            "invocation": {
                                "module_args": {
                                    "_raw_params": "seq 200 201; >&2 seq 400 401", 
                                    "_uses_shell": true, 
                                    "chdir": null, 
                                    "creates": null, 
                                    "executable": null, 
                                    "removes": null, 
                                    "warn": true
                                }
                            }, 
                            "rc": 0, 
                            "start": "2017-06-05 17:15:40.614790", 
                            "stderr": "400\n401", 
                            "stderr_lines": [
                                "400", 
                                "401"
                            ], 
                            "stdout": "200\n201", 
                            "stdout_lines": [
                                "200", 
                                "201"
                            ]
                        }
                    }, 
                    "task": {
                        "id": "f45c89b2-6627-0550-23bd-000000000004", 
                        "name": "2 lines on stdout and 2 on stderr with rc=0"
                    }
                }, 
                {
                    "hosts": {
                        "localhost": {
                            "_ansible_no_log": false, 
                            "_ansible_parsed": true, 
                            "changed": true, 
                            "cmd": "seq 200 201; >&2 seq 400 401; exit 1", 
                            "delta": "0:00:00.024007", 
                            "end": "2017-06-05 17:15:49.188326", 
                            "failed": true, 
                            "invocation": {
                                "module_args": {
                                    "_raw_params": "seq 200 201; >&2 seq 400 401; exit 1", 
                                    "_uses_shell": true, 
                                    "chdir": null, 
                                    "creates": null, 
                                    "executable": null, 
                                    "removes": null, 
                                    "warn": true
                                }
                            }, 
                            "rc": 1, 
                            "start": "2017-06-05 17:15:49.164319", 
                            "stderr": "400\n401", 
                            "stderr_lines": [
                                "400", 
                                "401"
                            ], 
                            "stdout": "200\n201", 
                            "stdout_lines": [
                                "200", 
                                "201"
                            ]
                        }
                    }, 
                    "task": {
                        "id": "f45c89b2-6627-0550-23bd-000000000006", 
                        "name": "2 lines on stdout and 2 on stderr with rc=1"
                    }
                }
            ]
        }
    ], 
    "stats": {
        "localhost": {
            "changed": 1, 
            "failures": 1, 
            "ok": 1, 
            "skipped": 0, 
            "unreachable": 0
        }
    }
}
