Using /Users/ssbarnea/.ansible.cfg as config file
Set default localhost to localhost
Loading callback plugin junit of type aggregate, v2.0 from /Users/ssbarnea/.venv/rh/lib/python2.7/site-packages/ansible/plugins/callback/__init__.pyc
 [WARNING]: The `junit_xml` python module is not installed. Disabling the
`junit` callback plugin.
1 plays in ./sample-a.yml
META: ran handlers
Using module file /Users/ssbarnea/.venv/rh/lib/python2.7/site-packages/ansible/modules/commands/command.py
<localhost> ESTABLISH LOCAL CONNECTION FOR USER: ssbarnea
<localhost> EXEC /bin/sh -c 'echo ~ && sleep 0'
<localhost> EXEC /bin/sh -c '( umask 77 && mkdir -p "` echo /Users/ssbarnea/.ansible/tmp/ansible-tmp-1496679336.07-230138849077767 `" && echo ansible-tmp-1496679336.07-230138849077767="` echo /Users/ssbarnea/.ansible/tmp/ansible-tmp-1496679336.07-230138849077767 `" ) && sleep 0'
<localhost> PUT /var/folders/dn/bdsfszyj63569bgkwf1jsrw80000gn/T/tmpuYAzmo TO /Users/ssbarnea/.ansible/tmp/ansible-tmp-1496679336.07-230138849077767/command.py
<localhost> EXEC /bin/sh -c 'chmod u+x /Users/ssbarnea/.ansible/tmp/ansible-tmp-1496679336.07-230138849077767/ /Users/ssbarnea/.ansible/tmp/ansible-tmp-1496679336.07-230138849077767/command.py && sleep 0'
<localhost> EXEC /bin/sh -c '/usr/bin/python /Users/ssbarnea/.ansible/tmp/ansible-tmp-1496679336.07-230138849077767/command.py; rm -rf "/Users/ssbarnea/.ansible/tmp/ansible-tmp-1496679336.07-230138849077767/" > /dev/null 2>&1 && sleep 0'
Using module file /Users/ssbarnea/.venv/rh/lib/python2.7/site-packages/ansible/modules/commands/command.py
<localhost> ESTABLISH LOCAL CONNECTION FOR USER: ssbarnea
<localhost> EXEC /bin/sh -c 'echo ~ && sleep 0'
<localhost> EXEC /bin/sh -c '( umask 77 && mkdir -p "` echo /Users/ssbarnea/.ansible/tmp/ansible-tmp-1496679342.27-159293470629384 `" && echo ansible-tmp-1496679342.27-159293470629384="` echo /Users/ssbarnea/.ansible/tmp/ansible-tmp-1496679342.27-159293470629384 `" ) && sleep 0'
<localhost> PUT /var/folders/dn/bdsfszyj63569bgkwf1jsrw80000gn/T/tmpqhXAfz TO /Users/ssbarnea/.ansible/tmp/ansible-tmp-1496679342.27-159293470629384/command.py
<localhost> EXEC /bin/sh -c 'chmod u+x /Users/ssbarnea/.ansible/tmp/ansible-tmp-1496679342.27-159293470629384/ /Users/ssbarnea/.ansible/tmp/ansible-tmp-1496679342.27-159293470629384/command.py && sleep 0'
<localhost> EXEC /bin/sh -c '/usr/bin/python /Users/ssbarnea/.ansible/tmp/ansible-tmp-1496679342.27-159293470629384/command.py; rm -rf "/Users/ssbarnea/.ansible/tmp/ansible-tmp-1496679342.27-159293470629384/" > /dev/null 2>&1 && sleep 0'
