Using /Users/ssbarnea/.ansible.cfg as config file
Set default localhost to localhost
Loading callback plugin minimal of type stdout, v2.0 from /Users/ssbarnea/.venv/rh/lib/python2.7/site-packages/ansible/plugins/callback/__init__.pyc
1 plays in ./sample-a.yml
META: ran handlers
Using module file /Users/ssbarnea/.venv/rh/lib/python2.7/site-packages/ansible/modules/commands/command.py
<localhost> ESTABLISH LOCAL CONNECTION FOR USER: ssbarnea
<localhost> EXEC /bin/sh -c 'echo ~ && sleep 0'
<localhost> EXEC /bin/sh -c '( umask 77 && mkdir -p "` echo /Users/ssbarnea/.ansible/tmp/ansible-tmp-1496679337.86-18026725444096 `" && echo ansible-tmp-1496679337.86-18026725444096="` echo /Users/ssbarnea/.ansible/tmp/ansible-tmp-1496679337.86-18026725444096 `" ) && sleep 0'
<localhost> PUT /var/folders/dn/bdsfszyj63569bgkwf1jsrw80000gn/T/tmp0NOLB4 TO /Users/ssbarnea/.ansible/tmp/ansible-tmp-1496679337.86-18026725444096/command.py
<localhost> EXEC /bin/sh -c 'chmod u+x /Users/ssbarnea/.ansible/tmp/ansible-tmp-1496679337.86-18026725444096/ /Users/ssbarnea/.ansible/tmp/ansible-tmp-1496679337.86-18026725444096/command.py && sleep 0'
<localhost> EXEC /bin/sh -c '/usr/bin/python /Users/ssbarnea/.ansible/tmp/ansible-tmp-1496679337.86-18026725444096/command.py; rm -rf "/Users/ssbarnea/.ansible/tmp/ansible-tmp-1496679337.86-18026725444096/" > /dev/null 2>&1 && sleep 0'
localhost | SUCCESS | rc=0 >>
200
201400
401
Using module file /Users/ssbarnea/.venv/rh/lib/python2.7/site-packages/ansible/modules/commands/command.py
<localhost> ESTABLISH LOCAL CONNECTION FOR USER: ssbarnea
<localhost> EXEC /bin/sh -c 'echo ~ && sleep 0'
<localhost> EXEC /bin/sh -c '( umask 77 && mkdir -p "` echo /Users/ssbarnea/.ansible/tmp/ansible-tmp-1496679345.87-276050855360170 `" && echo ansible-tmp-1496679345.87-276050855360170="` echo /Users/ssbarnea/.ansible/tmp/ansible-tmp-1496679345.87-276050855360170 `" ) && sleep 0'
<localhost> PUT /var/folders/dn/bdsfszyj63569bgkwf1jsrw80000gn/T/tmpbFbLDG TO /Users/ssbarnea/.ansible/tmp/ansible-tmp-1496679345.87-276050855360170/command.py
<localhost> EXEC /bin/sh -c 'chmod u+x /Users/ssbarnea/.ansible/tmp/ansible-tmp-1496679345.87-276050855360170/ /Users/ssbarnea/.ansible/tmp/ansible-tmp-1496679345.87-276050855360170/command.py && sleep 0'
<localhost> EXEC /bin/sh -c '/usr/bin/python /Users/ssbarnea/.ansible/tmp/ansible-tmp-1496679345.87-276050855360170/command.py; rm -rf "/Users/ssbarnea/.ansible/tmp/ansible-tmp-1496679345.87-276050855360170/" > /dev/null 2>&1 && sleep 0'
localhost | FAILED | rc=1 >>
200
201400
401
