Using /Users/ssbarnea/.ansible.cfg as config file
Set default localhost to localhost
Loading callback plugin profile_tasks of type aggregate, v2.0 from /Users/ssbarnea/.venv/rh/lib/python2.7/site-packages/ansible/plugins/callback/__init__.pyc
1 plays in ./sample-a.yml
META: ran handlers
Monday 05 June 2017  17:15:31 +0100 (0:00:01.970)       0:00:01.970 *********** 
Using module file /Users/ssbarnea/.venv/rh/lib/python2.7/site-packages/ansible/modules/commands/command.py
<localhost> ESTABLISH LOCAL CONNECTION FOR USER: ssbarnea
<localhost> EXEC /bin/sh -c 'echo ~ && sleep 0'
<localhost> EXEC /bin/sh -c '( umask 77 && mkdir -p "` echo /Users/ssbarnea/.ansible/tmp/ansible-tmp-1496679337.34-100065728921906 `" && echo ansible-tmp-1496679337.34-100065728921906="` echo /Users/ssbarnea/.ansible/tmp/ansible-tmp-1496679337.34-100065728921906 `" ) && sleep 0'
<localhost> PUT /var/folders/dn/bdsfszyj63569bgkwf1jsrw80000gn/T/tmpvayt3m TO /Users/ssbarnea/.ansible/tmp/ansible-tmp-1496679337.34-100065728921906/command.py
<localhost> EXEC /bin/sh -c 'chmod u+x /Users/ssbarnea/.ansible/tmp/ansible-tmp-1496679337.34-100065728921906/ /Users/ssbarnea/.ansible/tmp/ansible-tmp-1496679337.34-100065728921906/command.py && sleep 0'
<localhost> EXEC /bin/sh -c '/usr/bin/python /Users/ssbarnea/.ansible/tmp/ansible-tmp-1496679337.34-100065728921906/command.py; rm -rf "/Users/ssbarnea/.ansible/tmp/ansible-tmp-1496679337.34-100065728921906/" > /dev/null 2>&1 && sleep 0'
Monday 05 June 2017  17:15:44 +0100 (0:00:12.800)       0:00:14.771 *********** 
Using module file /Users/ssbarnea/.venv/rh/lib/python2.7/site-packages/ansible/modules/commands/command.py
<localhost> ESTABLISH LOCAL CONNECTION FOR USER: ssbarnea
<localhost> EXEC /bin/sh -c 'echo ~ && sleep 0'
<localhost> EXEC /bin/sh -c '( umask 77 && mkdir -p "` echo /Users/ssbarnea/.ansible/tmp/ansible-tmp-1496679344.69-261294048039987 `" && echo ansible-tmp-1496679344.69-261294048039987="` echo /Users/ssbarnea/.ansible/tmp/ansible-tmp-1496679344.69-261294048039987 `" ) && sleep 0'
<localhost> PUT /var/folders/dn/bdsfszyj63569bgkwf1jsrw80000gn/T/tmpp3L64F TO /Users/ssbarnea/.ansible/tmp/ansible-tmp-1496679344.69-261294048039987/command.py
<localhost> EXEC /bin/sh -c 'chmod u+x /Users/ssbarnea/.ansible/tmp/ansible-tmp-1496679344.69-261294048039987/ /Users/ssbarnea/.ansible/tmp/ansible-tmp-1496679344.69-261294048039987/command.py && sleep 0'
<localhost> EXEC /bin/sh -c '/usr/bin/python /Users/ssbarnea/.ansible/tmp/ansible-tmp-1496679344.69-261294048039987/command.py; rm -rf "/Users/ssbarnea/.ansible/tmp/ansible-tmp-1496679344.69-261294048039987/" > /dev/null 2>&1 && sleep 0'
Monday 05 June 2017  17:15:51 +0100 (0:00:07.233)       0:00:22.005 *********** 
=============================================================================== 
2 lines on stdout and 2 on stderr with rc=0 ---------------------------- 12.80s
/Users/ssbarnea/redhat/work/ansible-output/sample-a.yml:10 --------------------
2 lines on stdout and 2 on stderr with rc=1 ----------------------------- 7.23s
/Users/ssbarnea/redhat/work/ansible-output/sample-a.yml:13 --------------------
