Using /Users/ssbarnea/.ansible.cfg as config file
Set default localhost to localhost
Loading callback plugin tree of type aggregate, v2.0 from /Users/ssbarnea/.venv/rh/lib/python2.7/site-packages/ansible/plugins/callback/__init__.pyc
 [WARNING]: The tree callback is defaulting to ~/.ansible/tree, as an invalid
directory was provided: /Users/ssbarnea/.ansible/tree
1 plays in ./sample-a.yml
META: ran handlers
Using module file /Users/ssbarnea/.venv/rh/lib/python2.7/site-packages/ansible/modules/commands/command.py
<localhost> ESTABLISH LOCAL CONNECTION FOR USER: ssbarnea
<localhost> EXEC /bin/sh -c 'echo ~ && sleep 0'
<localhost> EXEC /bin/sh -c '( umask 77 && mkdir -p "` echo /Users/ssbarnea/.ansible/tmp/ansible-tmp-1496679336.72-50303951017705 `" && echo ansible-tmp-1496679336.72-50303951017705="` echo /Users/ssbarnea/.ansible/tmp/ansible-tmp-1496679336.72-50303951017705 `" ) && sleep 0'
<localhost> PUT /var/folders/dn/bdsfszyj63569bgkwf1jsrw80000gn/T/tmpNuP5Vh TO /Users/ssbarnea/.ansible/tmp/ansible-tmp-1496679336.72-50303951017705/command.py
<localhost> EXEC /bin/sh -c 'chmod u+x /Users/ssbarnea/.ansible/tmp/ansible-tmp-1496679336.72-50303951017705/ /Users/ssbarnea/.ansible/tmp/ansible-tmp-1496679336.72-50303951017705/command.py && sleep 0'
<localhost> EXEC /bin/sh -c '/usr/bin/python /Users/ssbarnea/.ansible/tmp/ansible-tmp-1496679336.72-50303951017705/command.py; rm -rf "/Users/ssbarnea/.ansible/tmp/ansible-tmp-1496679336.72-50303951017705/" > /dev/null 2>&1 && sleep 0'
Using module file /Users/ssbarnea/.venv/rh/lib/python2.7/site-packages/ansible/modules/commands/command.py
<localhost> ESTABLISH LOCAL CONNECTION FOR USER: ssbarnea
<localhost> EXEC /bin/sh -c 'echo ~ && sleep 0'
<localhost> EXEC /bin/sh -c '( umask 77 && mkdir -p "` echo /Users/ssbarnea/.ansible/tmp/ansible-tmp-1496679342.98-168443349405753 `" && echo ansible-tmp-1496679342.98-168443349405753="` echo /Users/ssbarnea/.ansible/tmp/ansible-tmp-1496679342.98-168443349405753 `" ) && sleep 0'
<localhost> PUT /var/folders/dn/bdsfszyj63569bgkwf1jsrw80000gn/T/tmpW3TcNN TO /Users/ssbarnea/.ansible/tmp/ansible-tmp-1496679342.98-168443349405753/command.py
<localhost> EXEC /bin/sh -c 'chmod u+x /Users/ssbarnea/.ansible/tmp/ansible-tmp-1496679342.98-168443349405753/ /Users/ssbarnea/.ansible/tmp/ansible-tmp-1496679342.98-168443349405753/command.py && sleep 0'
<localhost> EXEC /bin/sh -c '/usr/bin/python /Users/ssbarnea/.ansible/tmp/ansible-tmp-1496679342.98-168443349405753/command.py; rm -rf "/Users/ssbarnea/.ansible/tmp/ansible-tmp-1496679342.98-168443349405753/" > /dev/null 2>&1 && sleep 0'
